<?xml version="1.0" encoding="UTF-8"?>
<testsuite name="com.ayiko.backend.AyikoBackendApplicationTests" tests="1" skipped="0" failures="0" errors="0" timestamp="2024-02-27T22:08:00" hostname="Ashish.local" time="0.009">
  <properties/>
  <testcase name="contextLoads()" classname="com.ayiko.backend.AyikoBackendApplicationTests" time="0.009"/>
  <system-out><![CDATA[]]></system-out>
  <system-err><![CDATA[]]></system-err>
</testsuite>
